{
"E:\\Projects\\Practice\\egghead-webpack\\src\\js\\controller.js":{"path":"E:\\Projects\\Practice\\egghead-webpack\\src\\js\\controller.js","s":{"1":3,"2":2,"3":2,"4":2,"5":2,"6":0,"7":1,"8":0,"9":1,"10":0,"11":1,"12":0,"13":1,"14":0,"15":1,"16":0,"17":1,"18":0,"19":1,"20":0,"21":3,"22":0,"23":0,"24":0,"25":0,"26":3,"27":0,"28":0,"29":0,"30":3,"31":0,"32":0,"33":0,"34":3,"35":0,"36":0,"37":0,"38":3,"39":0,"40":0,"41":0,"42":0,"43":0,"44":0,"45":3,"46":0,"47":0,"48":0,"49":3,"50":0,"51":0,"52":0,"53":0,"54":0,"55":3,"56":0,"57":0,"58":0,"59":3,"60":0,"61":0,"62":0,"63":0,"64":3,"65":0,"66":0,"67":0,"68":0,"69":0,"70":3,"71":0,"72":0,"73":0,"74":0,"75":0,"76":3,"77":0,"78":0,"79":0,"80":0,"81":0,"82":3,"83":0,"84":0,"85":0,"86":0,"87":0,"88":0,"89":3,"90":0,"91":0,"92":0,"93":0,"94":0,"95":0,"96":0,"97":3,"98":0,"99":0,"100":0,"101":0,"102":0},"b":{"1":[0,0],"2":[0,0],"3":[0,0],"4":[0,0],"5":[0,0],"6":[0,0],"7":[0,0],"8":[0,0]},"f":{"1":2,"2":0,"3":0,"4":0,"5":0,"6":0,"7":0,"8":0,"9":0,"10":0,"11":0,"12":0,"13":0,"14":0,"15":0,"16":0,"17":0,"18":0,"19":0,"20":0,"21":0,"22":0,"23":0,"24":0,"25":0,"26":0,"27":0,"28":0,"29":0,"30":0,"31":0,"32":0,"33":0,"34":0,"35":0,"36":0,"37":0,"38":0},"statementMap":{"1":{"start":{"line":1,"column":0},"end":{"line":1,"column":25}},"2":{"start":{"line":10,"column":13},"end":{"line":10,"column":17}},"3":{"start":{"line":11,"column":2},"end":{"line":11,"column":20}},"4":{"start":{"line":12,"column":2},"end":{"line":12,"column":18}},"5":{"start":{"line":14,"column":2},"end":{"line":16,"column":4}},"6":{"start":{"line":15,"column":4},"end":{"line":15,"column":23}},"7":{"start":{"line":18,"column":2},"end":{"line":20,"column":4}},"8":{"start":{"line":19,"column":4},"end":{"line":19,"column":26}},"9":{"start":{"line":22,"column":2},"end":{"line":24,"column":4}},"10":{"start":{"line":23,"column":4},"end":{"line":23,"column":42}},"11":{"start":{"line":26,"column":2},"end":{"line":28,"column":4}},"12":{"start":{"line":27,"column":4},"end":{"line":27,"column":32}},"13":{"start":{"line":30,"column":2},"end":{"line":32,"column":4}},"14":{"start":{"line":31,"column":4},"end":{"line":31,"column":28}},"15":{"start":{"line":34,"column":2},"end":{"line":36,"column":4}},"16":{"start":{"line":35,"column":4},"end":{"line":35,"column":48}},"17":{"start":{"line":38,"column":2},"end":{"line":40,"column":4}},"18":{"start":{"line":39,"column":4},"end":{"line":39,"column":31}},"19":{"start":{"line":42,"column":2},"end":{"line":44,"column":4}},"20":{"start":{"line":43,"column":4},"end":{"line":43,"column":36}},"21":{"start":{"line":52,"column":0},"end":{"line":56,"column":1}},"22":{"start":{"line":53,"column":14},"end":{"line":53,"column":40}},"23":{"start":{"line":54,"column":13},"end":{"line":54,"column":24}},"24":{"start":{"line":54,"column":22},"end":{"line":54,"column":24}},"25":{"start":{"line":55,"column":2},"end":{"line":55,"column":31}},"26":{"start":{"line":62,"column":0},"end":{"line":67,"column":1}},"27":{"start":{"line":63,"column":13},"end":{"line":63,"column":17}},"28":{"start":{"line":64,"column":2},"end":{"line":66,"column":4}},"29":{"start":{"line":65,"column":4},"end":{"line":65,"column":41}},"30":{"start":{"line":72,"column":0},"end":{"line":77,"column":1}},"31":{"start":{"line":73,"column":13},"end":{"line":73,"column":17}},"32":{"start":{"line":74,"column":2},"end":{"line":76,"column":4}},"33":{"start":{"line":75,"column":4},"end":{"line":75,"column":41}},"34":{"start":{"line":82,"column":0},"end":{"line":87,"column":1}},"35":{"start":{"line":83,"column":13},"end":{"line":83,"column":17}},"36":{"start":{"line":84,"column":2},"end":{"line":86,"column":4}},"37":{"start":{"line":85,"column":4},"end":{"line":85,"column":41}},"38":{"start":{"line":93,"column":0},"end":{"line":104,"column":1}},"39":{"start":{"line":94,"column":13},"end":{"line":94,"column":17}},"40":{"start":{"line":96,"column":2},"end":{"line":98,"column":3}},"41":{"start":{"line":97,"column":4},"end":{"line":97,"column":10}},"42":{"start":{"line":100,"column":2},"end":{"line":103,"column":4}},"43":{"start":{"line":101,"column":4},"end":{"line":101,"column":36}},"44":{"start":{"line":102,"column":4},"end":{"line":102,"column":22}},"45":{"start":{"line":109,"column":0},"end":{"line":114,"column":1}},"46":{"start":{"line":110,"column":13},"end":{"line":110,"column":17}},"47":{"start":{"line":111,"column":2},"end":{"line":113,"column":4}},"48":{"start":{"line":112,"column":4},"end":{"line":112,"column":60}},"49":{"start":{"line":119,"column":0},"end":{"line":128,"column":1}},"50":{"start":{"line":120,"column":13},"end":{"line":120,"column":17}},"51":{"start":{"line":121,"column":2},"end":{"line":127,"column":3}},"52":{"start":{"line":122,"column":4},"end":{"line":124,"column":6}},"53":{"start":{"line":123,"column":6},"end":{"line":123,"column":51}},"54":{"start":{"line":126,"column":4},"end":{"line":126,"column":23}},"55":{"start":{"line":133,"column":0},"end":{"line":138,"column":1}},"56":{"start":{"line":134,"column":13},"end":{"line":134,"column":17}},"57":{"start":{"line":135,"column":2},"end":{"line":137,"column":4}},"58":{"start":{"line":136,"column":4},"end":{"line":136,"column":64}},"59":{"start":{"line":147,"column":0},"end":{"line":154,"column":1}},"60":{"start":{"line":148,"column":13},"end":{"line":148,"column":17}},"61":{"start":{"line":149,"column":2},"end":{"line":151,"column":4}},"62":{"start":{"line":150,"column":4},"end":{"line":150,"column":38}},"63":{"start":{"line":153,"column":2},"end":{"line":153,"column":16}},"64":{"start":{"line":159,"column":0},"end":{"line":168,"column":1}},"65":{"start":{"line":160,"column":13},"end":{"line":160,"column":17}},"66":{"start":{"line":161,"column":2},"end":{"line":165,"column":4}},"67":{"start":{"line":162,"column":4},"end":{"line":164,"column":6}},"68":{"start":{"line":163,"column":6},"end":{"line":163,"column":30}},"69":{"start":{"line":167,"column":2},"end":{"line":167,"column":16}},"70":{"start":{"line":179,"column":0},"end":{"line":191,"column":1}},"71":{"start":{"line":180,"column":13},"end":{"line":180,"column":17}},"72":{"start":{"line":181,"column":2},"end":{"line":186,"column":4}},"73":{"start":{"line":182,"column":4},"end":{"line":185,"column":6}},"74":{"start":{"line":188,"column":2},"end":{"line":190,"column":3}},"75":{"start":{"line":189,"column":4},"end":{"line":189,"column":18}},"76":{"start":{"line":197,"column":0},"end":{"line":206,"column":1}},"77":{"start":{"line":198,"column":13},"end":{"line":198,"column":17}},"78":{"start":{"line":199,"column":2},"end":{"line":203,"column":4}},"79":{"start":{"line":200,"column":4},"end":{"line":202,"column":6}},"80":{"start":{"line":201,"column":6},"end":{"line":201,"column":51}},"81":{"start":{"line":205,"column":2},"end":{"line":205,"column":16}},"82":{"start":{"line":212,"column":0},"end":{"line":224,"column":1}},"83":{"start":{"line":213,"column":13},"end":{"line":213,"column":17}},"84":{"start":{"line":214,"column":2},"end":{"line":223,"column":4}},"85":{"start":{"line":215,"column":4},"end":{"line":215,"column":56}},"86":{"start":{"line":216,"column":4},"end":{"line":219,"column":6}},"87":{"start":{"line":221,"column":4},"end":{"line":221,"column":77}},"88":{"start":{"line":222,"column":4},"end":{"line":222,"column":74}},"89":{"start":{"line":230,"column":0},"end":{"line":244,"column":1}},"90":{"start":{"line":231,"column":20},"end":{"line":231,"column":91}},"91":{"start":{"line":234,"column":2},"end":{"line":234,"column":21}},"92":{"start":{"line":239,"column":2},"end":{"line":241,"column":3}},"93":{"start":{"line":239,"column":50},"end":{"line":239,"column":87}},"94":{"start":{"line":239,"column":15},"end":{"line":239,"column":46}},"95":{"start":{"line":240,"column":4},"end":{"line":240,"column":32}},"96":{"start":{"line":243,"column":2},"end":{"line":243,"column":37}},"97":{"start":{"line":249,"column":0},"end":{"line":261,"column":1}},"98":{"start":{"line":252,"column":2},"end":{"line":252,"column":33}},"99":{"start":{"line":254,"column":2},"end":{"line":256,"column":3}},"100":{"start":{"line":255,"column":4},"end":{"line":255,"column":29}},"101":{"start":{"line":258,"column":2},"end":{"line":258,"column":16}},"102":{"start":{"line":260,"column":2},"end":{"line":260,"column":44}}},"fnMap":{"1":{"name":null,"line":9,"loc":{"start":{"line":9,"column":0},"end":{"line":45,"column":1}}},"2":{"name":null,"line":14,"loc":{"start":{"line":14,"column":28},"end":{"line":16,"column":3}}},"3":{"name":null,"line":18,"loc":{"start":{"line":18,"column":29},"end":{"line":20,"column":3}}},"4":{"name":null,"line":22,"loc":{"start":{"line":22,"column":33},"end":{"line":24,"column":3}}},"5":{"name":null,"line":26,"loc":{"start":{"line":26,"column":35},"end":{"line":28,"column":3}}},"6":{"name":null,"line":30,"loc":{"start":{"line":30,"column":31},"end":{"line":32,"column":3}}},"7":{"name":null,"line":34,"loc":{"start":{"line":34,"column":31},"end":{"line":36,"column":3}}},"8":{"name":null,"line":38,"loc":{"start":{"line":38,"column":36},"end":{"line":40,"column":3}}},"9":{"name":null,"line":42,"loc":{"start":{"line":42,"column":30},"end":{"line":44,"column":3}}},"10":{"name":null,"line":52,"loc":{"start":{"line":52,"column":31},"end":{"line":56,"column":1}}},"11":{"name":null,"line":62,"loc":{"start":{"line":62,"column":31},"end":{"line":67,"column":1}}},"12":{"name":null,"line":64,"loc":{"start":{"line":64,"column":18},"end":{"line":66,"column":3}}},"13":{"name":null,"line":72,"loc":{"start":{"line":72,"column":34},"end":{"line":77,"column":1}}},"14":{"name":null,"line":74,"loc":{"start":{"line":74,"column":38},"end":{"line":76,"column":3}}},"15":{"name":null,"line":82,"loc":{"start":{"line":82,"column":37},"end":{"line":87,"column":1}}},"16":{"name":null,"line":84,"loc":{"start":{"line":84,"column":37},"end":{"line":86,"column":3}}},"17":{"name":null,"line":93,"loc":{"start":{"line":93,"column":31},"end":{"line":104,"column":1}}},"18":{"name":null,"line":100,"loc":{"start":{"line":100,"column":27},"end":{"line":103,"column":3}}},"19":{"name":null,"line":109,"loc":{"start":{"line":109,"column":32},"end":{"line":114,"column":1}}},"20":{"name":null,"line":111,"loc":{"start":{"line":111,"column":22},"end":{"line":113,"column":3}}},"21":{"name":null,"line":119,"loc":{"start":{"line":119,"column":36},"end":{"line":128,"column":1}}},"22":{"name":null,"line":122,"loc":{"start":{"line":122,"column":35},"end":{"line":124,"column":5}}},"23":{"name":null,"line":133,"loc":{"start":{"line":133,"column":38},"end":{"line":138,"column":1}}},"24":{"name":null,"line":135,"loc":{"start":{"line":135,"column":22},"end":{"line":137,"column":3}}},"25":{"name":null,"line":147,"loc":{"start":{"line":147,"column":34},"end":{"line":154,"column":1}}},"26":{"name":null,"line":149,"loc":{"start":{"line":149,"column":24},"end":{"line":151,"column":3}}},"27":{"name":null,"line":159,"loc":{"start":{"line":159,"column":44},"end":{"line":168,"column":1}}},"28":{"name":null,"line":161,"loc":{"start":{"line":161,"column":37},"end":{"line":165,"column":3}}},"29":{"name":null,"line":162,"loc":{"start":{"line":162,"column":17},"end":{"line":164,"column":5}}},"30":{"name":null,"line":179,"loc":{"start":{"line":179,"column":38},"end":{"line":191,"column":1}}},"31":{"name":null,"line":181,"loc":{"start":{"line":181,"column":37},"end":{"line":186,"column":3}}},"32":{"name":null,"line":197,"loc":{"start":{"line":197,"column":33},"end":{"line":206,"column":1}}},"33":{"name":null,"line":199,"loc":{"start":{"line":199,"column":43},"end":{"line":203,"column":3}}},"34":{"name":null,"line":200,"loc":{"start":{"line":200,"column":17},"end":{"line":202,"column":5}}},"35":{"name":null,"line":212,"loc":{"start":{"line":212,"column":36},"end":{"line":224,"column":1}}},"36":{"name":null,"line":214,"loc":{"start":{"line":214,"column":22},"end":{"line":223,"column":3}}},"37":{"name":null,"line":230,"loc":{"start":{"line":230,"column":31},"end":{"line":244,"column":1}}},"38":{"name":null,"line":249,"loc":{"start":{"line":249,"column":42},"end":{"line":261,"column":1}}}},"branchMap":{"1":{"line":54,"type":"binary-expr","locations":[{"start":{"line":54,"column":13},"end":{"line":54,"column":18}},{"start":{"line":54,"column":13},"end":{"line":54,"column":18}}]},"2":{"line":96,"type":"if","locations":[{"start":{"line":96,"column":27},"end":{"line":98,"column":3}},{"start":{"line":96,"column":27},"end":{"line":98,"column":3}}]},"3":{"line":121,"type":"if","locations":[{"start":{"line":121,"column":20},"end":{"line":125,"column":3}},{"start":{"line":125,"column":9},"end":{"line":127,"column":3}}]},"4":{"line":188,"type":"if","locations":[{"start":{"line":188,"column":15},"end":{"line":190,"column":3}},{"start":{"line":188,"column":15},"end":{"line":190,"column":3}}]},"5":{"line":239,"type":"if","locations":[{"start":{"line":239,"column":89},"end":{"line":241,"column":3}},{"start":{"line":239,"column":89},"end":{"line":241,"column":3}}]},"6":{"line":239,"type":"binary-expr","locations":[{"start":{"line":239,"column":6},"end":{"line":239,"column":46}},{"start":{"line":239,"column":6},"end":{"line":239,"column":46}}]},"7":{"line":239,"type":"binary-expr","locations":[{"start":{"line":239,"column":6},"end":{"line":239,"column":11}},{"start":{"line":239,"column":6},"end":{"line":239,"column":11}}]},"8":{"line":254,"type":"if","locations":[{"start":{"line":254,"column":26},"end":{"line":256,"column":3}},{"start":{"line":254,"column":26},"end":{"line":256,"column":3}}]}},"hash":"df3e4096cdac23e5fc339145f0fcd570","l":{"1":3,"10":2,"11":2,"12":2,"14":2,"15":0,"18":1,"19":0,"22":1,"23":0,"26":1,"27":0,"30":1,"31":0,"34":1,"35":0,"38":1,"39":0,"42":1,"43":0,"52":3,"53":0,"54":0,"55":0,"62":3,"63":0,"64":0,"65":0,"72":3,"73":0,"74":0,"75":0,"82":3,"83":0,"84":0,"85":0,"93":3,"94":0,"96":0,"97":0,"100":0,"101":0,"102":0,"109":3,"110":0,"111":0,"112":0,"119":3,"120":0,"121":0,"122":0,"123":0,"126":0,"133":3,"134":0,"135":0,"136":0,"147":3,"148":0,"149":0,"150":0,"153":0,"159":3,"160":0,"161":0,"162":0,"163":0,"167":0,"179":3,"180":0,"181":0,"182":0,"188":0,"189":0,"197":3,"198":0,"199":0,"200":0,"201":0,"205":0,"212":3,"213":0,"214":0,"215":0,"216":0,"221":0,"222":0,"230":3,"231":0,"234":0,"239":0,"240":0,"243":0,"249":3,"252":0,"254":0,"255":0,"258":0,"260":0}},
"E:\\Projects\\Practice\\egghead-webpack\\src\\js\\helpers.js":{"path":"E:\\Projects\\Practice\\egghead-webpack\\src\\js\\helpers.js","s":{"1":7,"2":7,"3":0,"4":0,"5":0,"6":0,"7":0,"8":0,"9":0,"10":0,"11":0,"12":0,"13":0,"14":3,"15":0,"16":0,"17":0,"18":0,"19":0,"20":0,"21":0,"22":0,"23":0,"24":0,"25":0,"26":0,"27":0,"28":3},"b":{"1":[7,7],"2":[0,0],"3":[0,0],"4":[0,0],"5":[0,0],"6":[0,0],"7":[0,0],"8":[0,0]},"f":{"1":7,"2":0,"3":0,"4":3,"5":0,"6":0,"7":0},"statementMap":{"1":{"start":{"line":5,"column":2},"end":{"line":5,"column":52}},"2":{"start":{"line":5,"column":19},"end":{"line":5,"column":27}},"3":{"start":{"line":8,"column":2},"end":{"line":8,"column":55}},"4":{"start":{"line":8,"column":19},"end":{"line":8,"column":27}},"5":{"start":{"line":11,"column":2},"end":{"line":16,"column":3}},"6":{"start":{"line":12,"column":4},"end":{"line":14,"column":5}},"7":{"start":{"line":12,"column":35},"end":{"line":12,"column":38}},"8":{"start":{"line":12,"column":17},"end":{"line":12,"column":18}},"9":{"start":{"line":13,"column":6},"end":{"line":13,"column":35}},"10":{"start":{"line":15,"column":4},"end":{"line":15,"column":10}},"11":{"start":{"line":17,"column":2},"end":{"line":21,"column":3}},"12":{"start":{"line":18,"column":4},"end":{"line":18,"column":34}},"13":{"start":{"line":20,"column":4},"end":{"line":20,"column":118}},"14":{"start":{"line":26,"column":2},"end":{"line":26,"column":55}},"15":{"start":{"line":33,"column":19},"end":{"line":33,"column":54}},"16":{"start":{"line":33,"column":38},"end":{"line":33,"column":54}},"17":{"start":{"line":34,"column":2},"end":{"line":34,"column":46}},"18":{"start":{"line":37,"column":24},"end":{"line":37,"column":36}},"19":{"start":{"line":38,"column":28},"end":{"line":38,"column":49}},"20":{"start":{"line":39,"column":19},"end":{"line":39,"column":86}},"21":{"start":{"line":41,"column":4},"end":{"line":43,"column":5}},"22":{"start":{"line":42,"column":6},"end":{"line":42,"column":40}},"23":{"start":{"line":50,"column":2},"end":{"line":52,"column":3}},"24":{"start":{"line":51,"column":4},"end":{"line":51,"column":20}},"25":{"start":{"line":53,"column":2},"end":{"line":55,"column":3}},"26":{"start":{"line":54,"column":4},"end":{"line":54,"column":29}},"27":{"start":{"line":56,"column":2},"end":{"line":56,"column":45}},"28":{"start":{"line":61,"column":0},"end":{"line":61,"column":52}}},"fnMap":{"1":{"name":null,"line":4,"loc":{"start":{"line":4,"column":0},"end":{"line":6,"column":1}}},"2":{"name":null,"line":7,"loc":{"start":{"line":7,"column":0},"end":{"line":9,"column":1}}},"3":{"name":null,"line":10,"loc":{"start":{"line":10,"column":0},"end":{"line":22,"column":1}}},"4":{"name":null,"line":25,"loc":{"start":{"line":25,"column":0},"end":{"line":27,"column":1}}},"5":{"name":null,"line":31,"loc":{"start":{"line":31,"column":0},"end":{"line":45,"column":1}}},"6":{"name":null,"line":36,"loc":{"start":{"line":36,"column":2},"end":{"line":44,"column":3}}},"7":{"name":null,"line":49,"loc":{"start":{"line":49,"column":0},"end":{"line":57,"column":1}}}},"branchMap":{"1":{"line":5,"type":"binary-expr","locations":[{"start":{"line":5,"column":10},"end":{"line":5,"column":15}},{"start":{"line":5,"column":10},"end":{"line":5,"column":15}}]},"2":{"line":8,"type":"binary-expr","locations":[{"start":{"line":8,"column":10},"end":{"line":8,"column":15}},{"start":{"line":8,"column":10},"end":{"line":8,"column":15}}]},"3":{"line":11,"type":"if","locations":[{"start":{"line":11,"column":17},"end":{"line":16,"column":3}},{"start":{"line":11,"column":17},"end":{"line":16,"column":3}}]},"4":{"line":17,"type":"if","locations":[{"start":{"line":17,"column":20},"end":{"line":19,"column":3}},{"start":{"line":19,"column":9},"end":{"line":21,"column":3}}]},"5":{"line":33,"type":"binary-expr","locations":[{"start":{"line":33,"column":19},"end":{"line":33,"column":34}},{"start":{"line":33,"column":19},"end":{"line":33,"column":34}}]},"6":{"line":41,"type":"if","locations":[{"start":{"line":41,"column":18},"end":{"line":43,"column":5}},{"start":{"line":41,"column":18},"end":{"line":43,"column":5}}]},"7":{"line":50,"type":"if","locations":[{"start":{"line":50,"column":27},"end":{"line":52,"column":3}},{"start":{"line":50,"column":27},"end":{"line":52,"column":3}}]},"8":{"line":53,"type":"if","locations":[{"start":{"line":53,"column":74},"end":{"line":55,"column":3}},{"start":{"line":53,"column":74},"end":{"line":55,"column":3}}]}},"hash":"89cb9cdd33b4dbdb6b31718a85357549","l":{"5":7,"8":0,"11":0,"12":0,"13":0,"15":0,"17":0,"18":0,"20":0,"26":3,"33":0,"34":0,"37":0,"38":0,"39":0,"41":0,"42":0,"50":0,"51":0,"53":0,"54":0,"56":0,"61":3}},
"E:\\Projects\\Practice\\egghead-webpack\\src\\js\\view.js":{"path":"E:\\Projects\\Practice\\egghead-webpack\\src\\js\\view.js","s":{"1":2,"2":2,"3":1,"4":1,"5":1,"6":1,"7":1,"8":1,"9":1,"10":1,"11":1,"12":1,"13":0,"14":0,"15":0,"16":0,"17":0,"18":0,"19":0,"20":0,"21":0,"22":0,"23":0,"24":0,"25":0,"26":0,"27":0,"28":0,"29":0,"30":0,"31":0,"32":0,"33":0,"34":0,"35":0,"36":0,"37":0,"38":0,"39":0,"40":0,"41":0,"42":0,"43":0,"44":0,"45":0,"46":0,"47":0,"48":0,"49":0,"50":0,"51":0,"52":0,"53":0,"54":0,"55":0,"56":0,"57":1,"58":1,"59":1,"60":0,"61":0,"62":0,"63":0,"64":0,"65":0,"66":0,"67":0,"68":0,"69":0,"70":0,"71":0,"72":0,"73":0,"74":0,"75":0,"76":0,"77":0,"78":0,"79":0,"80":0,"81":0,"82":0,"83":0,"84":0,"85":0,"86":0,"87":0,"88":0,"89":0,"90":0,"91":0,"92":0,"93":0,"94":0,"95":0,"96":0,"97":0,"98":0,"99":0},"b":{"1":[0,0],"2":[0,0],"3":[0,0],"4":[0,0],"5":[0,0],"6":[0,0],"7":[0,0],"8":[1,0],"9":[0,0],"10":[0,0],"11":[0,0],"12":[0,0],"13":[0,0],"14":[0,0],"15":[0,0],"16":[0,0],"17":[0,0],"18":[0,0]},"f":{"1":1,"2":0,"3":0,"4":0,"5":0,"6":0,"7":0,"8":0,"9":0,"10":0,"11":0,"12":0,"13":0,"14":0,"15":0,"16":0,"17":0,"18":0,"19":0,"20":0,"21":0,"22":0,"23":0,"24":0,"25":0,"26":0},"statementMap":{"1":{"start":{"line":13,"column":0},"end":{"line":174,"column":1}},"2":{"start":{"line":13,"column":15},"end":{"line":174,"column":1}},"3":{"start":{"line":15,"column":4},"end":{"line":15,"column":28}},"4":{"start":{"line":17,"column":4},"end":{"line":17,"column":23}},"5":{"start":{"line":18,"column":4},"end":{"line":18,"column":24}},"6":{"start":{"line":20,"column":4},"end":{"line":20,"column":37}},"7":{"start":{"line":21,"column":4},"end":{"line":21,"column":45}},"8":{"start":{"line":22,"column":4},"end":{"line":22,"column":49}},"9":{"start":{"line":23,"column":4},"end":{"line":23,"column":28}},"10":{"start":{"line":24,"column":4},"end":{"line":24,"column":32}},"11":{"start":{"line":25,"column":4},"end":{"line":25,"column":39}},"12":{"start":{"line":26,"column":4},"end":{"line":26,"column":35}},"13":{"start":{"line":30,"column":15},"end":{"line":30,"column":43}},"14":{"start":{"line":32,"column":4},"end":{"line":34,"column":5}},"15":{"start":{"line":33,"column":6},"end":{"line":33,"column":38}},"16":{"start":{"line":38,"column":4},"end":{"line":38,"column":87}},"17":{"start":{"line":39,"column":4},"end":{"line":39,"column":67}},"18":{"start":{"line":39,"column":51},"end":{"line":39,"column":58}},"19":{"start":{"line":39,"column":61},"end":{"line":39,"column":67}},"20":{"start":{"line":43,"column":19},"end":{"line":43,"column":47}},"21":{"start":{"line":45,"column":4},"end":{"line":47,"column":5}},"22":{"start":{"line":46,"column":6},"end":{"line":46,"column":12}},"23":{"start":{"line":49,"column":16},"end":{"line":49,"column":42}},"24":{"start":{"line":50,"column":4},"end":{"line":50,"column":31}},"25":{"start":{"line":52,"column":4},"end":{"line":52,"column":66}},"26":{"start":{"line":54,"column":4},"end":{"line":56,"column":6}},"27":{"start":{"line":55,"column":6},"end":{"line":55,"column":31}},"28":{"start":{"line":60,"column":15},"end":{"line":60,"column":19}},"29":{"start":{"line":61,"column":23},"end":{"line":95,"column":5}},"30":{"start":{"line":63,"column":8},"end":{"line":63,"column":64}},"31":{"start":{"line":66,"column":8},"end":{"line":66,"column":35}},"32":{"start":{"line":69,"column":8},"end":{"line":69,"column":78}},"33":{"start":{"line":72,"column":8},"end":{"line":72,"column":74}},"34":{"start":{"line":75,"column":8},"end":{"line":75,"column":100}},"35":{"start":{"line":75,"column":84},"end":{"line":75,"column":91}},"36":{"start":{"line":75,"column":94},"end":{"line":75,"column":100}},"37":{"start":{"line":78,"column":8},"end":{"line":78,"column":51}},"38":{"start":{"line":81,"column":8},"end":{"line":81,"column":29}},"39":{"start":{"line":84,"column":8},"end":{"line":84,"column":32}},"40":{"start":{"line":87,"column":8},"end":{"line":87,"column":59}},"41":{"start":{"line":90,"column":8},"end":{"line":90,"column":48}},"42":{"start":{"line":93,"column":8},"end":{"line":93,"column":57}},"43":{"start":{"line":97,"column":4},"end":{"line":97,"column":27}},"44":{"start":{"line":101,"column":15},"end":{"line":101,"column":19}},"45":{"start":{"line":102,"column":4},"end":{"line":109,"column":6}},"46":{"start":{"line":103,"column":6},"end":{"line":108,"column":7}},"47":{"start":{"line":104,"column":8},"end":{"line":107,"column":10}},"48":{"start":{"line":111,"column":4},"end":{"line":117,"column":6}},"49":{"start":{"line":112,"column":6},"end":{"line":116,"column":7}},"50":{"start":{"line":115,"column":8},"end":{"line":115,"column":19}},"51":{"start":{"line":121,"column":15},"end":{"line":121,"column":19}},"52":{"start":{"line":122,"column":4},"end":{"line":129,"column":6}},"53":{"start":{"line":123,"column":6},"end":{"line":128,"column":7}},"54":{"start":{"line":124,"column":8},"end":{"line":124,"column":38}},"55":{"start":{"line":125,"column":8},"end":{"line":125,"column":19}},"56":{"start":{"line":127,"column":8},"end":{"line":127,"column":36}},"57":{"start":{"line":133,"column":15},"end":{"line":133,"column":19}},"58":{"start":{"line":134,"column":4},"end":{"line":172,"column":5}},"59":{"start":{"line":135,"column":6},"end":{"line":137,"column":8}},"60":{"start":{"line":136,"column":8},"end":{"line":136,"column":36}},"61":{"start":{"line":139,"column":11},"end":{"line":172,"column":5}},"62":{"start":{"line":140,"column":6},"end":{"line":142,"column":8}},"63":{"start":{"line":141,"column":8},"end":{"line":141,"column":17}},"64":{"start":{"line":144,"column":11},"end":{"line":172,"column":5}},"65":{"start":{"line":145,"column":6},"end":{"line":147,"column":8}},"66":{"start":{"line":146,"column":8},"end":{"line":146,"column":42}},"67":{"start":{"line":149,"column":11},"end":{"line":172,"column":5}},"68":{"start":{"line":150,"column":6},"end":{"line":152,"column":8}},"69":{"start":{"line":151,"column":8},"end":{"line":151,"column":36}},"70":{"start":{"line":154,"column":11},"end":{"line":172,"column":5}},"71":{"start":{"line":155,"column":6},"end":{"line":157,"column":8}},"72":{"start":{"line":156,"column":8},"end":{"line":156,"column":36}},"73":{"start":{"line":159,"column":11},"end":{"line":172,"column":5}},"74":{"start":{"line":160,"column":6},"end":{"line":165,"column":8}},"75":{"start":{"line":161,"column":8},"end":{"line":164,"column":10}},"76":{"start":{"line":167,"column":11},"end":{"line":172,"column":5}},"77":{"start":{"line":168,"column":6},"end":{"line":168,"column":37}},"78":{"start":{"line":170,"column":11},"end":{"line":172,"column":5}},"79":{"start":{"line":171,"column":6},"end":{"line":171,"column":39}},"80":{"start":{"line":177,"column":2},"end":{"line":177,"column":41}},"81":{"start":{"line":178,"column":2},"end":{"line":178,"column":70}},"82":{"start":{"line":182,"column":17},"end":{"line":182,"column":45}},"83":{"start":{"line":184,"column":2},"end":{"line":186,"column":3}},"84":{"start":{"line":185,"column":4},"end":{"line":185,"column":10}},"85":{"start":{"line":188,"column":2},"end":{"line":188,"column":51}},"86":{"start":{"line":188,"column":35},"end":{"line":188,"column":46}},"87":{"start":{"line":188,"column":49},"end":{"line":188,"column":51}},"88":{"start":{"line":191,"column":2},"end":{"line":191,"column":43}},"89":{"start":{"line":195,"column":17},"end":{"line":195,"column":45}},"90":{"start":{"line":197,"column":2},"end":{"line":199,"column":3}},"91":{"start":{"line":198,"column":4},"end":{"line":198,"column":10}},"92":{"start":{"line":201,"column":2},"end":{"line":201,"column":54}},"93":{"start":{"line":203,"column":14},"end":{"line":203,"column":45}},"94":{"start":{"line":204,"column":2},"end":{"line":204,"column":26}},"95":{"start":{"line":206,"column":2},"end":{"line":206,"column":29}},"96":{"start":{"line":207,"column":2},"end":{"line":207,"column":15}},"97":{"start":{"line":208,"column":2},"end":{"line":208,"column":21}},"98":{"start":{"line":212,"column":11},"end":{"line":212,"column":33}},"99":{"start":{"line":213,"column":2},"end":{"line":213,"column":36}}},"fnMap":{"1":{"name":null,"line":14,"loc":{"start":{"line":14,"column":2},"end":{"line":27,"column":3}}},"2":{"name":null,"line":54,"loc":{"start":{"line":54,"column":35},"end":{"line":56,"column":5}}},"3":{"name":null,"line":62,"loc":{"start":{"line":62,"column":19},"end":{"line":64,"column":7}}},"4":{"name":null,"line":65,"loc":{"start":{"line":65,"column":18},"end":{"line":67,"column":7}}},"5":{"name":null,"line":68,"loc":{"start":{"line":68,"column":26},"end":{"line":70,"column":7}}},"6":{"name":null,"line":71,"loc":{"start":{"line":71,"column":28},"end":{"line":73,"column":7}}},"7":{"name":null,"line":74,"loc":{"start":{"line":74,"column":30},"end":{"line":76,"column":7}}},"8":{"name":null,"line":77,"loc":{"start":{"line":77,"column":17},"end":{"line":79,"column":7}}},"9":{"name":null,"line":80,"loc":{"start":{"line":80,"column":17},"end":{"line":82,"column":7}}},"10":{"name":null,"line":83,"loc":{"start":{"line":83,"column":20},"end":{"line":85,"column":7}}},"11":{"name":null,"line":86,"loc":{"start":{"line":86,"column":23},"end":{"line":88,"column":7}}},"12":{"name":null,"line":89,"loc":{"start":{"line":89,"column":16},"end":{"line":91,"column":7}}},"13":{"name":null,"line":92,"loc":{"start":{"line":92,"column":20},"end":{"line":94,"column":7}}},"14":{"name":null,"line":102,"loc":{"start":{"line":102,"column":50},"end":{"line":109,"column":5}}},"15":{"name":null,"line":111,"loc":{"start":{"line":111,"column":54},"end":{"line":117,"column":5}}},"16":{"name":null,"line":122,"loc":{"start":{"line":122,"column":51},"end":{"line":129,"column":5}}},"17":{"name":null,"line":135,"loc":{"start":{"line":135,"column":35},"end":{"line":137,"column":7}}},"18":{"name":null,"line":140,"loc":{"start":{"line":140,"column":41},"end":{"line":142,"column":7}}},"19":{"name":null,"line":145,"loc":{"start":{"line":145,"column":36},"end":{"line":147,"column":7}}},"20":{"name":null,"line":150,"loc":{"start":{"line":150,"column":56},"end":{"line":152,"column":7}}},"21":{"name":null,"line":155,"loc":{"start":{"line":155,"column":53},"end":{"line":157,"column":7}}},"22":{"name":null,"line":160,"loc":{"start":{"line":160,"column":52},"end":{"line":165,"column":7}}},"23":{"name":null,"line":176,"loc":{"start":{"line":176,"column":0},"end":{"line":179,"column":1}}},"24":{"name":null,"line":181,"loc":{"start":{"line":181,"column":0},"end":{"line":192,"column":1}}},"25":{"name":null,"line":194,"loc":{"start":{"line":194,"column":0},"end":{"line":209,"column":1}}},"26":{"name":null,"line":211,"loc":{"start":{"line":211,"column":0},"end":{"line":214,"column":1}}}},"branchMap":{"1":{"line":32,"type":"if","locations":[{"start":{"line":32,"column":14},"end":{"line":34,"column":5}},{"start":{"line":32,"column":14},"end":{"line":34,"column":5}}]},"2":{"line":39,"type":"cond-expr","locations":[{"start":{"line":39,"column":41},"end":{"line":39,"column":67}},{"start":{"line":39,"column":41},"end":{"line":39,"column":67}}]},"3":{"line":45,"type":"if","locations":[{"start":{"line":45,"column":19},"end":{"line":47,"column":5}},{"start":{"line":45,"column":19},"end":{"line":47,"column":5}}]},"4":{"line":75,"type":"cond-expr","locations":[{"start":{"line":75,"column":64},"end":{"line":75,"column":100}},{"start":{"line":75,"column":64},"end":{"line":75,"column":100}}]},"5":{"line":103,"type":"if","locations":[{"start":{"line":103,"column":36},"end":{"line":108,"column":7}},{"start":{"line":103,"column":36},"end":{"line":108,"column":7}}]},"6":{"line":112,"type":"if","locations":[{"start":{"line":112,"column":44},"end":{"line":116,"column":7}},{"start":{"line":112,"column":44},"end":{"line":116,"column":7}}]},"7":{"line":123,"type":"if","locations":[{"start":{"line":123,"column":45},"end":{"line":128,"column":7}},{"start":{"line":123,"column":45},"end":{"line":128,"column":7}}]},"8":{"line":134,"type":"if","locations":[{"start":{"line":134,"column":29},"end":{"line":139,"column":5}},{"start":{"line":134,"column":29},"end":{"line":139,"column":5}}]},"9":{"line":139,"type":"if","locations":[{"start":{"line":139,"column":44},"end":{"line":144,"column":5}},{"start":{"line":139,"column":44},"end":{"line":144,"column":5}}]},"10":{"line":144,"type":"if","locations":[{"start":{"line":144,"column":38},"end":{"line":149,"column":5}},{"start":{"line":144,"column":38},"end":{"line":149,"column":5}}]},"11":{"line":149,"type":"if","locations":[{"start":{"line":149,"column":37},"end":{"line":154,"column":5}},{"start":{"line":149,"column":37},"end":{"line":154,"column":5}}]},"12":{"line":154,"type":"if","locations":[{"start":{"line":154,"column":39},"end":{"line":159,"column":5}},{"start":{"line":154,"column":39},"end":{"line":159,"column":5}}]},"13":{"line":159,"type":"if","locations":[{"start":{"line":159,"column":39},"end":{"line":167,"column":5}},{"start":{"line":159,"column":39},"end":{"line":167,"column":5}}]},"14":{"line":167,"type":"if","locations":[{"start":{"line":167,"column":41},"end":{"line":170,"column":5}},{"start":{"line":167,"column":41},"end":{"line":170,"column":5}}]},"15":{"line":170,"type":"if","locations":[{"start":{"line":170,"column":43},"end":{"line":172,"column":5}},{"start":{"line":170,"column":43},"end":{"line":172,"column":5}}]},"16":{"line":184,"type":"if","locations":[{"start":{"line":184,"column":17},"end":{"line":186,"column":3}},{"start":{"line":184,"column":17},"end":{"line":186,"column":3}}]},"17":{"line":188,"type":"cond-expr","locations":[{"start":{"line":188,"column":23},"end":{"line":188,"column":51}},{"start":{"line":188,"column":23},"end":{"line":188,"column":51}}]},"18":{"line":197,"type":"if","locations":[{"start":{"line":197,"column":17},"end":{"line":199,"column":3}},{"start":{"line":197,"column":17},"end":{"line":199,"column":3}}]}},"hash":"cb12565d8b71e6f8a8e417c58e71d60b","l":{"13":2,"15":1,"17":1,"18":1,"20":1,"21":1,"22":1,"23":1,"24":1,"25":1,"26":1,"30":0,"32":0,"33":0,"38":0,"39":0,"43":0,"45":0,"46":0,"49":0,"50":0,"52":0,"54":0,"55":0,"60":0,"61":0,"63":0,"66":0,"69":0,"72":0,"75":0,"78":0,"81":0,"84":0,"87":0,"90":0,"93":0,"97":0,"101":0,"102":0,"103":0,"104":0,"111":0,"112":0,"115":0,"121":0,"122":0,"123":0,"124":0,"125":0,"127":0,"133":1,"134":1,"135":1,"136":0,"139":0,"140":0,"141":0,"144":0,"145":0,"146":0,"149":0,"150":0,"151":0,"154":0,"155":0,"156":0,"159":0,"160":0,"161":0,"167":0,"168":0,"170":0,"171":0,"177":0,"178":0,"182":0,"184":0,"185":0,"188":0,"191":0,"195":0,"197":0,"198":0,"201":0,"203":0,"204":0,"206":0,"207":0,"208":0,"212":0,"213":0}},
"E:\\Projects\\Practice\\egghead-webpack\\src\\js\\model.js":{"path":"E:\\Projects\\Practice\\egghead-webpack\\src\\js\\model.js","s":{"1":2,"2":1,"3":2,"4":0,"5":0,"6":0,"7":0,"8":0,"9":0,"10":2,"11":0,"12":0,"13":0,"14":0,"15":0,"16":0,"17":0,"18":0,"19":0,"20":0,"21":0,"22":0,"23":2,"24":0,"25":2,"26":0,"27":2,"28":0,"29":2,"30":0,"31":0,"32":0,"33":0,"34":0,"35":0,"36":0,"37":0},"b":{"1":[0,0],"2":[0,0],"3":[0,0],"4":[0,0],"5":[0,0],"6":[0,0],"7":[0,0]},"f":{"1":1,"2":0,"3":0,"4":0,"5":0,"6":0,"7":0,"8":0,"9":0,"10":0,"11":0},"statementMap":{"1":{"start":{"line":1,"column":0},"end":{"line":1,"column":20}},"2":{"start":{"line":10,"column":2},"end":{"line":10,"column":24}},"3":{"start":{"line":19,"column":0},"end":{"line":30,"column":1}},"4":{"start":{"line":20,"column":2},"end":{"line":20,"column":21}},"5":{"start":{"line":20,"column":19},"end":{"line":20,"column":21}},"6":{"start":{"line":21,"column":2},"end":{"line":22,"column":3}},"7":{"start":{"line":21,"column":25},"end":{"line":22,"column":3}},"8":{"start":{"line":24,"column":16},"end":{"line":27,"column":3}},"9":{"start":{"line":29,"column":2},"end":{"line":29,"column":38}},"10":{"start":{"line":46,"column":0},"end":{"line":61,"column":1}},"11":{"start":{"line":47,"column":18},"end":{"line":47,"column":30}},"12":{"start":{"line":48,"column":2},"end":{"line":49,"column":3}},"13":{"start":{"line":48,"column":25},"end":{"line":49,"column":3}},"14":{"start":{"line":51,"column":2},"end":{"line":59,"column":3}},"15":{"start":{"line":52,"column":4},"end":{"line":52,"column":20}},"16":{"start":{"line":53,"column":4},"end":{"line":53,"column":41}},"17":{"start":{"line":54,"column":9},"end":{"line":59,"column":3}},"18":{"start":{"line":54,"column":39},"end":{"line":54,"column":61}},"19":{"start":{"line":55,"column":4},"end":{"line":55,"column":31}},"20":{"start":{"line":56,"column":4},"end":{"line":56,"column":44}},"21":{"start":{"line":58,"column":4},"end":{"line":58,"column":38}},"22":{"start":{"line":60,"column":2},"end":{"line":60,"column":18}},"23":{"start":{"line":71,"column":0},"end":{"line":73,"column":1}},"24":{"start":{"line":72,"column":2},"end":{"line":72,"column":39}},"25":{"start":{"line":81,"column":0},"end":{"line":83,"column":1}},"26":{"start":{"line":82,"column":2},"end":{"line":82,"column":35}},"27":{"start":{"line":90,"column":0},"end":{"line":92,"column":1}},"28":{"start":{"line":91,"column":2},"end":{"line":91,"column":29}},"29":{"start":{"line":97,"column":0},"end":{"line":116,"column":1}},"30":{"start":{"line":98,"column":14},"end":{"line":102,"column":3}},"31":{"start":{"line":104,"column":2},"end":{"line":115,"column":4}},"32":{"start":{"line":105,"column":4},"end":{"line":113,"column":6}},"33":{"start":{"line":106,"column":6},"end":{"line":110,"column":7}},"34":{"start":{"line":107,"column":8},"end":{"line":107,"column":25}},"35":{"start":{"line":109,"column":8},"end":{"line":109,"column":22}},"36":{"start":{"line":112,"column":6},"end":{"line":112,"column":19}},"37":{"start":{"line":114,"column":4},"end":{"line":114,"column":19}}},"fnMap":{"1":{"name":null,"line":9,"loc":{"start":{"line":9,"column":0},"end":{"line":11,"column":1}}},"2":{"name":null,"line":19,"loc":{"start":{"line":19,"column":25},"end":{"line":30,"column":1}}},"3":{"name":null,"line":21,"loc":{"start":{"line":21,"column":25},"end":{"line":22,"column":3}}},"4":{"name":null,"line":46,"loc":{"start":{"line":46,"column":23},"end":{"line":61,"column":1}}},"5":{"name":null,"line":48,"loc":{"start":{"line":48,"column":25},"end":{"line":49,"column":3}}},"6":{"name":null,"line":71,"loc":{"start":{"line":71,"column":25},"end":{"line":73,"column":1}}},"7":{"name":null,"line":81,"loc":{"start":{"line":81,"column":25},"end":{"line":83,"column":1}}},"8":{"name":null,"line":90,"loc":{"start":{"line":90,"column":28},"end":{"line":92,"column":1}}},"9":{"name":null,"line":97,"loc":{"start":{"line":97,"column":27},"end":{"line":116,"column":1}}},"10":{"name":null,"line":104,"loc":{"start":{"line":104,"column":23},"end":{"line":115,"column":3}}},"11":{"name":null,"line":105,"loc":{"start":{"line":105,"column":17},"end":{"line":113,"column":5}}}},"branchMap":{"1":{"line":20,"type":"binary-expr","locations":[{"start":{"line":20,"column":10},"end":{"line":20,"column":15}},{"start":{"line":20,"column":10},"end":{"line":20,"column":15}}]},"2":{"line":21,"type":"binary-expr","locations":[{"start":{"line":21,"column":13},"end":{"line":21,"column":21}},{"start":{"line":21,"column":13},"end":{"line":21,"column":21}}]},"3":{"line":48,"type":"binary-expr","locations":[{"start":{"line":48,"column":13},"end":{"line":48,"column":21}},{"start":{"line":48,"column":13},"end":{"line":48,"column":21}}]},"4":{"line":51,"type":"if","locations":[{"start":{"line":51,"column":32},"end":{"line":54,"column":3}},{"start":{"line":51,"column":32},"end":{"line":54,"column":3}}]},"5":{"line":54,"type":"if","locations":[{"start":{"line":54,"column":63},"end":{"line":57,"column":3}},{"start":{"line":57,"column":9},"end":{"line":59,"column":3}}]},"6":{"line":54,"type":"binary-expr","locations":[{"start":{"line":54,"column":13},"end":{"line":54,"column":35}},{"start":{"line":54,"column":13},"end":{"line":54,"column":35}}]},"7":{"line":106,"type":"if","locations":[{"start":{"line":106,"column":26},"end":{"line":108,"column":7}},{"start":{"line":108,"column":13},"end":{"line":110,"column":7}}]}},"hash":"6650d9238bf51fda76b42d4210e7c1b5","l":{"1":2,"10":1,"19":2,"20":0,"21":0,"24":0,"29":0,"46":2,"47":0,"48":0,"51":0,"52":0,"53":0,"54":0,"55":0,"56":0,"58":0,"60":0,"71":2,"72":0,"81":2,"82":0,"90":2,"91":0,"97":2,"98":0,"104":0,"105":0,"106":0,"107":0,"109":0,"112":0,"114":0}},
"E:\\Projects\\Practice\\egghead-webpack\\src\\js\\store.js":{"path":"E:\\Projects\\Practice\\egghead-webpack\\src\\js\\store.js","s":{"1":2,"2":1,"3":1,"4":1,"5":1,"6":1,"7":1,"8":1,"9":2,"10":0,"11":0,"12":0,"13":0,"14":0,"15":0,"16":0,"17":0,"18":2,"19":0,"20":0,"21":0,"22":2,"23":0,"24":0,"25":0,"26":0,"27":0,"28":0,"29":0,"30":0,"31":0,"32":0,"33":0,"34":0,"35":0,"36":0,"37":0,"38":0,"39":0,"40":0,"41":2,"42":0,"43":0,"44":0,"45":0,"46":0,"47":0,"48":0,"49":0,"50":0,"51":0,"52":2,"53":0,"54":0},"b":{"1":[1,1],"2":[1,0],"3":[0,0],"4":[0,0],"5":[0,0],"6":[0,0],"7":[0,0],"8":[0,0],"9":[0,0]},"f":{"1":1,"2":1,"3":0,"4":0,"5":0,"6":0,"7":0,"8":0,"9":0,"10":0},"statementMap":{"1":{"start":{"line":1,"column":0},"end":{"line":1,"column":20}},"2":{"start":{"line":11,"column":2},"end":{"line":12,"column":3}},"3":{"start":{"line":11,"column":25},"end":{"line":12,"column":3}},"4":{"start":{"line":14,"column":2},"end":{"line":14,"column":21}},"5":{"start":{"line":16,"column":2},"end":{"line":22,"column":3}},"6":{"start":{"line":17,"column":15},"end":{"line":19,"column":5}},"7":{"start":{"line":21,"column":4},"end":{"line":21,"column":45}},"8":{"start":{"line":24,"column":2},"end":{"line":24,"column":53}},"9":{"start":{"line":40,"column":0},"end":{"line":55,"column":1}},"10":{"start":{"line":41,"column":2},"end":{"line":43,"column":3}},"11":{"start":{"line":42,"column":4},"end":{"line":42,"column":10}},"12":{"start":{"line":45,"column":14},"end":{"line":45,"column":58}},"13":{"start":{"line":47,"column":2},"end":{"line":54,"column":5}},"14":{"start":{"line":48,"column":4},"end":{"line":52,"column":5}},"15":{"start":{"line":49,"column":6},"end":{"line":51,"column":7}},"16":{"start":{"line":50,"column":8},"end":{"line":50,"column":20}},"17":{"start":{"line":53,"column":4},"end":{"line":53,"column":15}},"18":{"start":{"line":62,"column":0},"end":{"line":66,"column":1}},"19":{"start":{"line":63,"column":2},"end":{"line":64,"column":3}},"20":{"start":{"line":63,"column":25},"end":{"line":64,"column":3}},"21":{"start":{"line":65,"column":2},"end":{"line":65,"column":67}},"22":{"start":{"line":76,"column":0},"end":{"line":104,"column":1}},"23":{"start":{"line":77,"column":13},"end":{"line":77,"column":51}},"24":{"start":{"line":78,"column":14},"end":{"line":78,"column":24}},"25":{"start":{"line":80,"column":2},"end":{"line":81,"column":3}},"26":{"start":{"line":80,"column":25},"end":{"line":81,"column":3}},"27":{"start":{"line":84,"column":2},"end":{"line":103,"column":3}},"28":{"start":{"line":85,"column":4},"end":{"line":92,"column":5}},"29":{"start":{"line":85,"column":38},"end":{"line":85,"column":41}},"30":{"start":{"line":85,"column":17},"end":{"line":85,"column":18}},"31":{"start":{"line":86,"column":6},"end":{"line":91,"column":7}},"32":{"start":{"line":87,"column":8},"end":{"line":89,"column":9}},"33":{"start":{"line":88,"column":10},"end":{"line":88,"column":41}},"34":{"start":{"line":90,"column":8},"end":{"line":90,"column":13}},"35":{"start":{"line":94,"column":4},"end":{"line":94,"column":53}},"36":{"start":{"line":95,"column":4},"end":{"line":95,"column":69}},"37":{"start":{"line":98,"column":4},"end":{"line":98,"column":40}},"38":{"start":{"line":100,"column":4},"end":{"line":100,"column":26}},"39":{"start":{"line":101,"column":4},"end":{"line":101,"column":53}},"40":{"start":{"line":102,"column":4},"end":{"line":102,"column":37}},"41":{"start":{"line":112,"column":0},"end":{"line":125,"column":1}},"42":{"start":{"line":113,"column":13},"end":{"line":113,"column":51}},"43":{"start":{"line":114,"column":14},"end":{"line":114,"column":24}},"44":{"start":{"line":116,"column":2},"end":{"line":121,"column":3}},"45":{"start":{"line":116,"column":36},"end":{"line":116,"column":39}},"46":{"start":{"line":116,"column":15},"end":{"line":116,"column":16}},"47":{"start":{"line":117,"column":4},"end":{"line":120,"column":5}},"48":{"start":{"line":118,"column":6},"end":{"line":118,"column":24}},"49":{"start":{"line":119,"column":6},"end":{"line":119,"column":11}},"50":{"start":{"line":123,"column":2},"end":{"line":123,"column":51}},"51":{"start":{"line":124,"column":2},"end":{"line":124,"column":67}},"52":{"start":{"line":132,"column":0},"end":{"line":135,"column":1}},"53":{"start":{"line":133,"column":2},"end":{"line":133,"column":58}},"54":{"start":{"line":134,"column":2},"end":{"line":134,"column":67}}},"fnMap":{"1":{"name":null,"line":10,"loc":{"start":{"line":10,"column":0},"end":{"line":25,"column":1}}},"2":{"name":null,"line":11,"loc":{"start":{"line":11,"column":25},"end":{"line":12,"column":3}}},"3":{"name":null,"line":40,"loc":{"start":{"line":40,"column":23},"end":{"line":55,"column":1}}},"4":{"name":null,"line":47,"loc":{"start":{"line":47,"column":35},"end":{"line":54,"column":3}}},"5":{"name":null,"line":62,"loc":{"start":{"line":62,"column":26},"end":{"line":66,"column":1}}},"6":{"name":null,"line":63,"loc":{"start":{"line":63,"column":25},"end":{"line":64,"column":3}}},"7":{"name":null,"line":76,"loc":{"start":{"line":76,"column":23},"end":{"line":104,"column":1}}},"8":{"name":null,"line":80,"loc":{"start":{"line":80,"column":25},"end":{"line":81,"column":3}}},"9":{"name":null,"line":112,"loc":{"start":{"line":112,"column":25},"end":{"line":125,"column":1}}},"10":{"name":null,"line":132,"loc":{"start":{"line":132,"column":23},"end":{"line":135,"column":1}}}},"branchMap":{"1":{"line":11,"type":"binary-expr","locations":[{"start":{"line":11,"column":13},"end":{"line":11,"column":21}},{"start":{"line":11,"column":13},"end":{"line":11,"column":21}}]},"2":{"line":16,"type":"if","locations":[{"start":{"line":16,"column":27},"end":{"line":22,"column":3}},{"start":{"line":16,"column":27},"end":{"line":22,"column":3}}]},"3":{"line":41,"type":"if","locations":[{"start":{"line":41,"column":17},"end":{"line":43,"column":3}},{"start":{"line":41,"column":17},"end":{"line":43,"column":3}}]},"4":{"line":49,"type":"if","locations":[{"start":{"line":49,"column":32},"end":{"line":51,"column":7}},{"start":{"line":49,"column":32},"end":{"line":51,"column":7}}]},"5":{"line":63,"type":"binary-expr","locations":[{"start":{"line":63,"column":13},"end":{"line":63,"column":21}},{"start":{"line":63,"column":13},"end":{"line":63,"column":21}}]},"6":{"line":80,"type":"binary-expr","locations":[{"start":{"line":80,"column":13},"end":{"line":80,"column":21}},{"start":{"line":80,"column":13},"end":{"line":80,"column":21}}]},"7":{"line":84,"type":"if","locations":[{"start":{"line":84,"column":10},"end":{"line":96,"column":3}},{"start":{"line":96,"column":9},"end":{"line":103,"column":3}}]},"8":{"line":86,"type":"if","locations":[{"start":{"line":86,"column":30},"end":{"line":91,"column":7}},{"start":{"line":86,"column":30},"end":{"line":91,"column":7}}]},"9":{"line":117,"type":"if","locations":[{"start":{"line":117,"column":28},"end":{"line":120,"column":5}},{"start":{"line":117,"column":28},"end":{"line":120,"column":5}}]}},"hash":"3827ec579678953fa64a8581494d53b1","l":{"1":2,"11":1,"14":1,"16":1,"17":1,"21":1,"24":1,"40":2,"41":0,"42":0,"45":0,"47":0,"48":0,"49":0,"50":0,"53":0,"62":2,"63":0,"65":0,"76":2,"77":0,"78":0,"80":0,"84":0,"85":0,"86":0,"87":0,"88":0,"90":0,"94":0,"95":0,"98":0,"100":0,"101":0,"102":0,"112":2,"113":0,"114":0,"116":0,"117":0,"118":0,"119":0,"123":0,"124":0,"132":2,"133":0,"134":0}},
"E:\\Projects\\Practice\\egghead-webpack\\src\\js\\template.js":{"path":"E:\\Projects\\Practice\\egghead-webpack\\src\\js\\template.js","s":{"1":2,"2":2,"3":2,"4":0,"5":2,"6":2,"7":2,"8":0,"9":0,"10":0,"11":0,"12":1,"13":2,"14":0,"15":0,"16":0,"17":0,"18":0,"19":0,"20":0,"21":0,"22":0,"23":0,"24":0,"25":0,"26":0,"27":0,"28":0,"29":2,"30":0,"31":0,"32":0,"33":0,"34":2,"35":0,"36":0,"37":0},"b":{"1":[0,0],"2":[0,0],"3":[0,0],"4":[0,0],"5":[0,0]},"f":{"1":0,"2":0,"3":1,"4":0,"5":0,"6":0},"statementMap":{"1":{"start":{"line":1,"column":0},"end":{"line":1,"column":23}},"2":{"start":{"line":3,"column":18},"end":{"line":10,"column":1}},"3":{"start":{"line":12,"column":21},"end":{"line":14,"column":1}},"4":{"start":{"line":13,"column":2},"end":{"line":13,"column":25}},"5":{"start":{"line":16,"column":22},"end":{"line":16,"column":33}},"6":{"start":{"line":17,"column":25},"end":{"line":17,"column":59}},"7":{"start":{"line":19,"column":13},"end":{"line":25,"column":1}},"8":{"start":{"line":20,"column":2},"end":{"line":24,"column":3}},"9":{"start":{"line":20,"column":16},"end":{"line":20,"column":47}},"10":{"start":{"line":21,"column":4},"end":{"line":21,"column":58}},"11":{"start":{"line":23,"column":4},"end":{"line":23,"column":17}},"12":{"start":{"line":33,"column":2},"end":{"line":41,"column":3}},"13":{"start":{"line":61,"column":0},"end":{"line":84,"column":1}},"14":{"start":{"line":63,"column":13},"end":{"line":63,"column":15}},"15":{"start":{"line":65,"column":2},"end":{"line":81,"column":3}},"16":{"start":{"line":65,"column":38},"end":{"line":65,"column":41}},"17":{"start":{"line":66,"column":19},"end":{"line":66,"column":39}},"18":{"start":{"line":67,"column":20},"end":{"line":67,"column":22}},"19":{"start":{"line":68,"column":18},"end":{"line":68,"column":20}},"20":{"start":{"line":70,"column":4},"end":{"line":73,"column":5}},"21":{"start":{"line":71,"column":6},"end":{"line":71,"column":29}},"22":{"start":{"line":72,"column":6},"end":{"line":72,"column":25}},"23":{"start":{"line":75,"column":4},"end":{"line":75,"column":53}},"24":{"start":{"line":76,"column":4},"end":{"line":76,"column":67}},"25":{"start":{"line":77,"column":4},"end":{"line":77,"column":59}},"26":{"start":{"line":78,"column":4},"end":{"line":78,"column":55}},"27":{"start":{"line":80,"column":4},"end":{"line":80,"column":26}},"28":{"start":{"line":83,"column":2},"end":{"line":83,"column":13}},"29":{"start":{"line":92,"column":0},"end":{"line":96,"column":1}},"30":{"start":{"line":93,"column":15},"end":{"line":93,"column":43}},"31":{"start":{"line":93,"column":35},"end":{"line":93,"column":37}},"32":{"start":{"line":93,"column":40},"end":{"line":93,"column":43}},"33":{"start":{"line":95,"column":2},"end":{"line":95,"column":71}},"34":{"start":{"line":104,"column":0},"end":{"line":110,"column":1}},"35":{"start":{"line":105,"column":2},"end":{"line":109,"column":3}},"36":{"start":{"line":106,"column":4},"end":{"line":106,"column":28}},"37":{"start":{"line":108,"column":4},"end":{"line":108,"column":13}}},"fnMap":{"1":{"name":null,"line":12,"loc":{"start":{"line":12,"column":21},"end":{"line":14,"column":1}}},"2":{"name":null,"line":19,"loc":{"start":{"line":19,"column":13},"end":{"line":25,"column":1}}},"3":{"name":null,"line":32,"loc":{"start":{"line":32,"column":0},"end":{"line":42,"column":1}}},"4":{"name":null,"line":61,"loc":{"start":{"line":61,"column":26},"end":{"line":84,"column":1}}},"5":{"name":null,"line":92,"loc":{"start":{"line":92,"column":33},"end":{"line":96,"column":1}}},"6":{"name":null,"line":104,"loc":{"start":{"line":104,"column":42},"end":{"line":110,"column":1}}}},"branchMap":{"1":{"line":20,"type":"if","locations":[{"start":{"line":20,"column":49},"end":{"line":22,"column":3}},{"start":{"line":22,"column":9},"end":{"line":24,"column":3}}]},"2":{"line":20,"type":"binary-expr","locations":[{"start":{"line":20,"column":6},"end":{"line":20,"column":12}},{"start":{"line":20,"column":6},"end":{"line":20,"column":12}}]},"3":{"line":70,"type":"if","locations":[{"start":{"line":70,"column":27},"end":{"line":73,"column":5}},{"start":{"line":70,"column":27},"end":{"line":73,"column":5}}]},"4":{"line":93,"type":"cond-expr","locations":[{"start":{"line":93,"column":15},"end":{"line":93,"column":43}},{"start":{"line":93,"column":15},"end":{"line":93,"column":43}}]},"5":{"line":105,"type":"if","locations":[{"start":{"line":105,"column":26},"end":{"line":107,"column":3}},{"start":{"line":107,"column":9},"end":{"line":109,"column":3}}]}},"hash":"49be0ea8ab1e8807ffa78662cea55b12","l":{"1":2,"3":2,"12":2,"13":0,"16":2,"17":2,"19":2,"20":0,"21":0,"23":0,"33":1,"61":2,"63":0,"65":0,"66":0,"67":0,"68":0,"70":0,"71":0,"72":0,"75":0,"76":0,"77":0,"78":0,"80":0,"83":0,"92":2,"93":0,"95":0,"104":2,"105":0,"106":0,"108":0}},
"E:\\Projects\\Practice\\egghead-webpack\\src\\js\\app.js":{"path":"E:\\Projects\\Practice\\egghead-webpack\\src\\js\\app.js","s":{"1":1,"2":1,"3":1,"4":1,"5":1,"6":0,"7":1,"8":1,"9":0,"10":0,"11":1},"b":{},"f":{"1":1,"2":0,"3":1},"statementMap":{"1":{"start":{"line":19,"column":2},"end":{"line":19,"column":32}},"2":{"start":{"line":20,"column":2},"end":{"line":20,"column":38}},"3":{"start":{"line":21,"column":2},"end":{"line":21,"column":32}},"4":{"start":{"line":22,"column":2},"end":{"line":22,"column":37}},"5":{"start":{"line":23,"column":2},"end":{"line":23,"column":57}},"6":{"start":{"line":27,"column":2},"end":{"line":27,"column":49}},"7":{"start":{"line":30,"column":0},"end":{"line":34,"column":2}},"8":{"start":{"line":31,"column":2},"end":{"line":31,"column":36}},"9":{"start":{"line":32,"column":2},"end":{"line":32,"column":11}},"10":{"start":{"line":33,"column":2},"end":{"line":33,"column":35}},"11":{"start":{"line":35,"column":0},"end":{"line":35,"column":34}}},"fnMap":{"1":{"name":null,"line":18,"loc":{"start":{"line":18,"column":0},"end":{"line":24,"column":1}}},"2":{"name":null,"line":26,"loc":{"start":{"line":26,"column":0},"end":{"line":28,"column":1}}},"3":{"name":null,"line":30,"loc":{"start":{"line":30,"column":20},"end":{"line":34,"column":1}}}},"branchMap":{},"hash":"194025447aff3be17e9b82af8f8991b9","l":{"19":1,"20":1,"21":1,"22":1,"23":1,"27":0,"30":1,"31":1,"32":0,"33":0,"35":1}}}
