TN:
SF:E:\Projects\Practice\egghead-webpack\src\js\controller.js
FN:9,
FN:14,
FN:18,
FN:22,
FN:26,
FN:30,
FN:34,
FN:38,
FN:42,
FN:52,
FN:62,
FN:64,
FN:72,
FN:74,
FN:82,
FN:84,
FN:93,
FN:100,
FN:109,
FN:111,
FN:119,
FN:122,
FN:133,
FN:135,
FN:147,
FN:149,
FN:159,
FN:161,
FN:162,
FN:179,
FN:181,
FN:197,
FN:199,
FN:200,
FN:212,
FN:214,
FN:230,
FN:249,
FNF:38
FNH:1
FNDA:2,
FNDA:0,
FNDA:0,
FNDA:0,
FNDA:0,
FNDA:0,
FNDA:0,
FNDA:0,
FNDA:0,
FNDA:0,
FNDA:0,
FNDA:0,
FNDA:0,
FNDA:0,
FNDA:0,
FNDA:0,
FNDA:0,
FNDA:0,
FNDA:0,
FNDA:0,
FNDA:0,
FNDA:0,
FNDA:0,
FNDA:0,
FNDA:0,
FNDA:0,
FNDA:0,
FNDA:0,
FNDA:0,
FNDA:0,
FNDA:0,
FNDA:0,
FNDA:0,
FNDA:0,
FNDA:0,
FNDA:0,
FNDA:0,
FNDA:0,
DA:1,3
DA:10,2
DA:11,2
DA:12,2
DA:14,2
DA:15,0
DA:18,1
DA:19,0
DA:22,1
DA:23,0
DA:26,1
DA:27,0
DA:30,1
DA:31,0
DA:34,1
DA:35,0
DA:38,1
DA:39,0
DA:42,1
DA:43,0
DA:52,3
DA:53,0
DA:54,0
DA:55,0
DA:62,3
DA:63,0
DA:64,0
DA:65,0
DA:72,3
DA:73,0
DA:74,0
DA:75,0
DA:82,3
DA:83,0
DA:84,0
DA:85,0
DA:93,3
DA:94,0
DA:96,0
DA:97,0
DA:100,0
DA:101,0
DA:102,0
DA:109,3
DA:110,0
DA:111,0
DA:112,0
DA:119,3
DA:120,0
DA:121,0
DA:122,0
DA:123,0
DA:126,0
DA:133,3
DA:134,0
DA:135,0
DA:136,0
DA:147,3
DA:148,0
DA:149,0
DA:150,0
DA:153,0
DA:159,3
DA:160,0
DA:161,0
DA:162,0
DA:163,0
DA:167,0
DA:179,3
DA:180,0
DA:181,0
DA:182,0
DA:188,0
DA:189,0
DA:197,3
DA:198,0
DA:199,0
DA:200,0
DA:201,0
DA:205,0
DA:212,3
DA:213,0
DA:214,0
DA:215,0
DA:216,0
DA:221,0
DA:222,0
DA:230,3
DA:231,0
DA:234,0
DA:239,0
DA:240,0
DA:243,0
DA:249,3
DA:252,0
DA:254,0
DA:255,0
DA:258,0
DA:260,0
LF:99
LH:27
BRDA:54,1,0,0
BRDA:54,1,1,0
BRDA:96,2,0,0
BRDA:96,2,1,0
BRDA:121,3,0,0
BRDA:121,3,1,0
BRDA:188,4,0,0
BRDA:188,4,1,0
BRDA:239,5,0,0
BRDA:239,5,1,0
BRDA:239,6,0,0
BRDA:239,6,1,0
BRDA:239,7,0,0
BRDA:239,7,1,0
BRDA:254,8,0,0
BRDA:254,8,1,0
BRF:16
BRH:0
end_of_record
TN:
SF:E:\Projects\Practice\egghead-webpack\src\js\helpers.js
FN:4,
FN:7,
FN:10,
FN:25,
FN:31,
FN:36,
FN:49,
FNF:7
FNH:2
FNDA:7,
FNDA:0,
FNDA:0,
FNDA:3,
FNDA:0,
FNDA:0,
FNDA:0,
DA:5,7
DA:8,0
DA:11,0
DA:12,0
DA:13,0
DA:15,0
DA:17,0
DA:18,0
DA:20,0
DA:26,3
DA:33,0
DA:34,0
DA:37,0
DA:38,0
DA:39,0
DA:41,0
DA:42,0
DA:50,0
DA:51,0
DA:53,0
DA:54,0
DA:56,0
DA:61,3
LF:23
LH:3
BRDA:5,1,0,7
BRDA:5,1,1,7
BRDA:8,2,0,0
BRDA:8,2,1,0
BRDA:11,3,0,0
BRDA:11,3,1,0
BRDA:17,4,0,0
BRDA:17,4,1,0
BRDA:33,5,0,0
BRDA:33,5,1,0
BRDA:41,6,0,0
BRDA:41,6,1,0
BRDA:50,7,0,0
BRDA:50,7,1,0
BRDA:53,8,0,0
BRDA:53,8,1,0
BRF:16
BRH:2
end_of_record
TN:
SF:E:\Projects\Practice\egghead-webpack\src\js\view.js
FN:14,
FN:54,
FN:62,
FN:65,
FN:68,
FN:71,
FN:74,
FN:77,
FN:80,
FN:83,
FN:86,
FN:89,
FN:92,
FN:102,
FN:111,
FN:122,
FN:135,
FN:140,
FN:145,
FN:150,
FN:155,
FN:160,
FN:176,
FN:181,
FN:194,
FN:211,
FNF:26
FNH:1
FNDA:1,
FNDA:0,
FNDA:0,
FNDA:0,
FNDA:0,
FNDA:0,
FNDA:0,
FNDA:0,
FNDA:0,
FNDA:0,
FNDA:0,
FNDA:0,
FNDA:0,
FNDA:0,
FNDA:0,
FNDA:0,
FNDA:0,
FNDA:0,
FNDA:0,
FNDA:0,
FNDA:0,
FNDA:0,
FNDA:0,
FNDA:0,
FNDA:0,
FNDA:0,
DA:13,2
DA:15,1
DA:17,1
DA:18,1
DA:20,1
DA:21,1
DA:22,1
DA:23,1
DA:24,1
DA:25,1
DA:26,1
DA:30,0
DA:32,0
DA:33,0
DA:38,0
DA:39,0
DA:43,0
DA:45,0
DA:46,0
DA:49,0
DA:50,0
DA:52,0
DA:54,0
DA:55,0
DA:60,0
DA:61,0
DA:63,0
DA:66,0
DA:69,0
DA:72,0
DA:75,0
DA:78,0
DA:81,0
DA:84,0
DA:87,0
DA:90,0
DA:93,0
DA:97,0
DA:101,0
DA:102,0
DA:103,0
DA:104,0
DA:111,0
DA:112,0
DA:115,0
DA:121,0
DA:122,0
DA:123,0
DA:124,0
DA:125,0
DA:127,0
DA:133,1
DA:134,1
DA:135,1
DA:136,0
DA:139,0
DA:140,0
DA:141,0
DA:144,0
DA:145,0
DA:146,0
DA:149,0
DA:150,0
DA:151,0
DA:154,0
DA:155,0
DA:156,0
DA:159,0
DA:160,0
DA:161,0
DA:167,0
DA:168,0
DA:170,0
DA:171,0
DA:177,0
DA:178,0
DA:182,0
DA:184,0
DA:185,0
DA:188,0
DA:191,0
DA:195,0
DA:197,0
DA:198,0
DA:201,0
DA:203,0
DA:204,0
DA:206,0
DA:207,0
DA:208,0
DA:212,0
DA:213,0
LF:92
LH:14
BRDA:32,1,0,0
BRDA:32,1,1,0
BRDA:39,2,0,0
BRDA:39,2,1,0
BRDA:45,3,0,0
BRDA:45,3,1,0
BRDA:75,4,0,0
BRDA:75,4,1,0
BRDA:103,5,0,0
BRDA:103,5,1,0
BRDA:112,6,0,0
BRDA:112,6,1,0
BRDA:123,7,0,0
BRDA:123,7,1,0
BRDA:134,8,0,1
BRDA:134,8,1,0
BRDA:139,9,0,0
BRDA:139,9,1,0
BRDA:144,10,0,0
BRDA:144,10,1,0
BRDA:149,11,0,0
BRDA:149,11,1,0
BRDA:154,12,0,0
BRDA:154,12,1,0
BRDA:159,13,0,0
BRDA:159,13,1,0
BRDA:167,14,0,0
BRDA:167,14,1,0
BRDA:170,15,0,0
BRDA:170,15,1,0
BRDA:184,16,0,0
BRDA:184,16,1,0
BRDA:188,17,0,0
BRDA:188,17,1,0
BRDA:197,18,0,0
BRDA:197,18,1,0
BRF:36
BRH:1
end_of_record
TN:
SF:E:\Projects\Practice\egghead-webpack\src\js\model.js
FN:9,
FN:19,
FN:21,
FN:46,
FN:48,
FN:71,
FN:81,
FN:90,
FN:97,
FN:104,
FN:105,
FNF:11
FNH:1
FNDA:1,
FNDA:0,
FNDA:0,
FNDA:0,
FNDA:0,
FNDA:0,
FNDA:0,
FNDA:0,
FNDA:0,
FNDA:0,
FNDA:0,
DA:1,2
DA:10,1
DA:19,2
DA:20,0
DA:21,0
DA:24,0
DA:29,0
DA:46,2
DA:47,0
DA:48,0
DA:51,0
DA:52,0
DA:53,0
DA:54,0
DA:55,0
DA:56,0
DA:58,0
DA:60,0
DA:71,2
DA:72,0
DA:81,2
DA:82,0
DA:90,2
DA:91,0
DA:97,2
DA:98,0
DA:104,0
DA:105,0
DA:106,0
DA:107,0
DA:109,0
DA:112,0
DA:114,0
LF:33
LH:8
BRDA:20,1,0,0
BRDA:20,1,1,0
BRDA:21,2,0,0
BRDA:21,2,1,0
BRDA:48,3,0,0
BRDA:48,3,1,0
BRDA:51,4,0,0
BRDA:51,4,1,0
BRDA:54,5,0,0
BRDA:54,5,1,0
BRDA:54,6,0,0
BRDA:54,6,1,0
BRDA:106,7,0,0
BRDA:106,7,1,0
BRF:14
BRH:0
end_of_record
TN:
SF:E:\Projects\Practice\egghead-webpack\src\js\store.js
FN:10,
FN:11,
FN:40,
FN:47,
FN:62,
FN:63,
FN:76,
FN:80,
FN:112,
FN:132,
FNF:10
FNH:2
FNDA:1,
FNDA:1,
FNDA:0,
FNDA:0,
FNDA:0,
FNDA:0,
FNDA:0,
FNDA:0,
FNDA:0,
FNDA:0,
DA:1,2
DA:11,1
DA:14,1
DA:16,1
DA:17,1
DA:21,1
DA:24,1
DA:40,2
DA:41,0
DA:42,0
DA:45,0
DA:47,0
DA:48,0
DA:49,0
DA:50,0
DA:53,0
DA:62,2
DA:63,0
DA:65,0
DA:76,2
DA:77,0
DA:78,0
DA:80,0
DA:84,0
DA:85,0
DA:86,0
DA:87,0
DA:88,0
DA:90,0
DA:94,0
DA:95,0
DA:98,0
DA:100,0
DA:101,0
DA:102,0
DA:112,2
DA:113,0
DA:114,0
DA:116,0
DA:117,0
DA:118,0
DA:119,0
DA:123,0
DA:124,0
DA:132,2
DA:133,0
DA:134,0
LF:47
LH:12
BRDA:11,1,0,1
BRDA:11,1,1,1
BRDA:16,2,0,1
BRDA:16,2,1,0
BRDA:41,3,0,0
BRDA:41,3,1,0
BRDA:49,4,0,0
BRDA:49,4,1,0
BRDA:63,5,0,0
BRDA:63,5,1,0
BRDA:80,6,0,0
BRDA:80,6,1,0
BRDA:84,7,0,0
BRDA:84,7,1,0
BRDA:86,8,0,0
BRDA:86,8,1,0
BRDA:117,9,0,0
BRDA:117,9,1,0
BRF:18
BRH:3
end_of_record
TN:
SF:E:\Projects\Practice\egghead-webpack\src\js\template.js
FN:12,
FN:19,
FN:32,
FN:61,
FN:92,
FN:104,
FNF:6
FNH:1
FNDA:0,
FNDA:0,
FNDA:1,
FNDA:0,
FNDA:0,
FNDA:0,
DA:1,2
DA:3,2
DA:12,2
DA:13,0
DA:16,2
DA:17,2
DA:19,2
DA:20,0
DA:21,0
DA:23,0
DA:33,1
DA:61,2
DA:63,0
DA:65,0
DA:66,0
DA:67,0
DA:68,0
DA:70,0
DA:71,0
DA:72,0
DA:75,0
DA:76,0
DA:77,0
DA:78,0
DA:80,0
DA:83,0
DA:92,2
DA:93,0
DA:95,0
DA:104,2
DA:105,0
DA:106,0
DA:108,0
LF:33
LH:10
BRDA:20,1,0,0
BRDA:20,1,1,0
BRDA:20,2,0,0
BRDA:20,2,1,0
BRDA:70,3,0,0
BRDA:70,3,1,0
BRDA:93,4,0,0
BRDA:93,4,1,0
BRDA:105,5,0,0
BRDA:105,5,1,0
BRF:10
BRH:0
end_of_record
TN:
SF:E:\Projects\Practice\egghead-webpack\src\js\app.js
FN:18,
FN:26,
FN:30,
FNF:3
FNH:2
FNDA:1,
FNDA:0,
FNDA:1,
DA:19,1
DA:20,1
DA:21,1
DA:22,1
DA:23,1
DA:27,0
DA:30,1
DA:31,1
DA:32,0
DA:33,0
DA:35,1
LF:11
LH:8
BRF:0
BRH:0
end_of_record
